2022-10-17 15:09:25.510966;[INFO];visitor on main template
2022-10-17 15:10:13.256920;[INFO];SITE| code =555555 VISITOR  
2022-10-17 15:11:01.230330;[INFO];SITE| code =555555 VISITOR  
2022-10-17 15:13:50.731715;[INFO];SITE| code =555555 VISITOR  
2022-10-17 15:14:33.486066;[INFO];SITE| code =555555 VISITOR  
2022-10-17 15:18:51.186803;[INFO];SITE| code =555555 VISITOR  
2022-10-17 15:19:16.254084;[ERROR]; In converting base 64
2022-10-17 15:19:37.262089;[ERROR];code =555555 error in server registering face
2022-10-17 15:19:45.241566;[INFO];SITE| code =555555 VISITOR  
2022-10-17 15:20:01.003967;[ERROR];code =555555 error in server registering face
2022-10-17 15:21:46.692457;[INFO];SITE| code =555555 VISITOR  
2022-10-17 15:22:30.129379;[INFO];LAN_EXP-3005
2022-10-17 15:23:31.825975;[ERROR];code =555555 error in server registering face
2022-10-17 15:25:09.090201;[INFO];LAN_EXP-3005
2022-10-17 15:25:27.091461;[INFO];SITE| code =555555 VISITOR  
2022-10-17 15:25:40.594504;[INFO];LAN_EXP-3005
2022-10-17 15:26:05.771550;[ERROR];code =555555 error in server registering face
2022-10-17 15:29:04.152876;[INFO];SITE| code =555555 VISITOR  
2022-10-17 15:41:20.354328;[INFO];SITE| code =555555 VISITOR  
2022-10-17 16:47:20.464292;[INFO];visitor on main template
2022-10-19 15:18:28.868398;[INFO];visitor on main template
2022-10-19 15:18:31.880577;[INFO];SITE| code =555555 VISITOR  
2022-10-21 11:04:17.209936;[INFO];visitor on main template
2022-10-21 11:04:20.283249;[INFO];SITE| code =555555 VISITOR  
2022-10-21 11:05:22.528587;[INFO];SITE| code =555555 VISITOR  
2022-10-21 11:05:41.691506;[INFO];SITE| code =555555 VISITOR  
2022-10-21 11:06:39.210223;[INFO];SITE| code =555555 VISITOR  
2022-10-24 10:03:02.912758;[INFO];visitor on main template
2022-10-24 10:03:08.898279;[ERROR];code =555555 exception in getting db data
2022-10-24 10:03:14.871011;[ERROR];code =555555 exception in getting db data
2022-10-24 10:20:27.075549;[INFO];visitor on main template
2022-10-24 10:20:29.887580;[INFO];SITE| code =555555 VISITOR  
2022-10-24 10:23:33.838103;[INFO];SITE| code =555555 VISITOR  
2022-10-24 10:23:49.402879;[INFO];SITE| code =555555 VISITOR  
2022-10-24 10:25:41.640425;[INFO];SITE| code =555555 VISITOR  
2022-10-24 10:26:45.994989;[INFO];SITE| code =555555 VISITOR  
2022-10-24 10:27:17.682492;[INFO];SITE| code =555555 VISITOR  
2022-10-24 10:33:00.150082;[INFO];SITE| code =555555 VISITOR  
2022-10-24 10:35:51.293083;[INFO];SITE| code =555555 VISITOR  
2022-10-24 10:36:19.651469;[INFO];SITE| code =555555 VISITOR  
2022-10-24 10:36:43.067193;[INFO];SITE| code =555555 VISITOR  
2022-10-24 10:37:29.737810;[INFO];SITE| code =555555 VISITOR  
2022-10-24 10:37:41.546538;[INFO];SITE| code =555555 VISITOR  
2022-10-24 10:37:43.304674;[INFO];SITE| code =555555 VISITOR  
2022-10-24 10:37:53.384007;[INFO];SITE| code =555555 VISITOR  
2022-10-24 10:38:13.445030;[INFO];SITE| code =555555 VISITOR  
2022-10-24 10:38:28.424853;[INFO];SITE| code =555555 VISITOR  
2022-10-24 10:38:54.038079;[INFO];SITE| code =555555 VISITOR  
2022-10-24 10:39:30.519246;[INFO];SITE| code =555555 VISITOR  
2022-10-24 10:39:49.931496;[INFO];SITE| code =555555 VISITOR  
2022-10-24 10:39:54.686681;[INFO];SITE| code =555555 VISITOR  
2022-10-24 10:41:21.253833;[INFO];SITE| code =555555 VISITOR  
2022-10-24 10:42:45.098747;[INFO];SITE| code =555555 VISITOR  
2022-10-24 10:42:59.760872;[INFO];SITE| code =555555 VISITOR  
2022-10-24 10:43:22.373607;[INFO];SITE| code =555555 VISITOR  
2022-10-24 10:43:33.559241;[INFO];SITE| code =555555 VISITOR  
2022-10-24 10:50:30.059541;[INFO];SITE| code =555555 VISITOR  
2022-10-24 10:52:26.053875;[INFO];SITE| code =555555 VISITOR  
2022-10-24 10:52:36.063474;[INFO];visitor on main template
2022-10-24 10:52:56.545985;[INFO];SITE| code =555555 VISITOR  
2022-10-24 10:59:59.837293;[INFO];SITE| code =555555 VISITOR  
2022-10-24 11:00:24.938005;[INFO];SITE| code =555555 VISITOR  
2022-10-24 11:00:32.343870;[INFO];SITE| code =555555 VISITOR  
2022-10-24 11:00:42.248829;[INFO];visitor on main template
2022-10-24 11:01:10.967470;[INFO];visitor on main template
2022-10-24 11:01:24.980706;[INFO];visitor on main template
2022-10-24 11:01:31.291329;[INFO];SITE| code =555555 VISITOR  
2022-10-24 11:02:17.390526;[INFO];SITE| code =555555 VISITOR  
2022-10-24 11:02:56.894398;[INFO];SITE| code =555555 VISITOR  
2022-10-24 11:04:18.868249;[INFO];SITE| code =555555 VISITOR  
2022-10-24 11:04:36.703387;[INFO];visitor on main template
2022-10-24 11:04:41.048621;[INFO];SITE| code =555555 VISITOR  
2022-10-24 11:06:34.763400;[INFO];SITE| code =555555 VISITOR  
2022-10-24 11:09:25.933051;[INFO];SITE| code =555555 VISITOR  
2022-10-24 11:10:27.544314;[INFO];SITE| code =555555 VISITOR  
2022-10-24 11:11:08.241786;[INFO];SITE| code =555555 VISITOR  
2022-10-24 11:12:11.932150;[INFO];SITE| code =555555 VISITOR  
2022-10-24 11:13:32.400874;[INFO];visitor on main template
2022-10-24 11:13:36.463428;[INFO];SITE| code =555555 VISITOR  
2022-10-24 11:15:04.116983;[INFO];SITE| code =555555 VISITOR  
2022-10-24 11:16:27.084041;[INFO];SITE| code =555555 VISITOR  
2022-10-24 11:16:31.682108;[INFO];SITE| code =555555 VISITOR  
2022-10-24 11:16:43.155807;[INFO];SITE| code =555555 VISITOR  
2022-10-24 11:17:26.139280;[INFO];SITE| code =555555 VISITOR  
2022-10-24 11:18:15.350853;[INFO];SITE| code =555555 VISITOR  
2022-10-24 11:18:28.419969;[INFO];SITE| code =555555 VISITOR  
2022-10-24 11:18:45.687023;[INFO];visitor on main template
2022-10-24 11:19:03.577260;[INFO];SITE| code =555555 VISITOR  
2022-10-24 11:19:37.433768;[INFO];SITE| code =555555 VISITOR  
2022-10-24 11:19:47.395594;[INFO];SITE| code =555555 VISITOR  
2022-10-24 11:24:31.937302;[INFO];visitor on main template
2022-10-24 11:24:37.607126;[INFO];SITE| code =555555 VISITOR  
2022-10-24 11:24:48.555560;[INFO];visitor on main template
2022-10-24 11:24:51.979911;[INFO];SITE| code =555555 VISITOR  
2022-10-24 11:26:30.509417;[INFO];SITE| code =555555 VISITOR  
2022-10-24 11:27:04.468456;[INFO];SITE| code =555555 VISITOR  
2022-10-24 11:31:10.888625;[INFO];SITE| code =555555 VISITOR  
2022-10-24 11:32:22.487261;[INFO];SITE| code =555555 VISITOR  
2022-10-24 11:33:42.367073;[INFO];visitor on main template
2022-10-24 11:41:11.001574;[INFO];SITE| code =555555 VISITOR  
2022-10-24 11:42:30.956491;[INFO];SITE| code =555555 VISITOR  
2022-10-24 11:45:42.342336;[INFO];visitor on main template
2022-10-24 11:47:32.448598;[INFO];visitor on main template
2022-10-24 11:50:20.635343;[INFO];visitor on main template
2022-10-24 11:50:30.187172;[INFO];visitor on main template
2022-10-24 11:50:42.437042;[INFO];visitor on main template
2022-10-24 11:51:22.150900;[INFO];visitor on main template
2022-10-24 11:51:26.229985;[INFO];SITE| code =555555 VISITOR  
2022-10-24 11:51:28.322214;[INFO];visitor on main template
2022-10-24 11:51:34.530813;[INFO];visitor on main template
2022-10-24 11:52:02.370022;[INFO];SITE| code =555555 VISITOR  
2022-10-24 11:52:10.693653;[INFO];visitor on main template
2022-10-24 11:52:14.268569;[INFO];SITE| code =555555 VISITOR  
2022-10-24 11:53:09.113770;[ERROR];code =111111 inactive code
2022-10-24 11:53:11.387649;[ERROR];code =111111 inactive code
2022-10-24 11:53:13.561680;[ERROR];code =111111 inactive code
2022-10-24 11:53:23.125142;[ERROR];code =111111 inactive code
2022-10-24 11:53:25.002309;[ERROR];code =111111 inactive code
2022-10-24 11:53:27.345539;[ERROR];code =212121 inactive code
2022-10-24 11:53:29.074010;[ERROR];code =212121 inactive code
2022-10-24 11:53:31.100789;[ERROR];code =121212 inactive code
2022-10-24 11:53:32.918121;[ERROR];code =212121 inactive code
2022-10-24 11:53:34.984064;[ERROR];code =212121 inactive code
2022-10-24 11:54:16.976701;[ERROR];code =123434 inactive code
2022-10-24 11:54:23.797202;[ERROR];code =555556 inactive code
2022-10-24 11:54:26.584391;[INFO];SITE| code =555555 VISITOR  
2022-10-24 11:56:41.991002;[INFO];SITE| code =555555 VISITOR  
2022-10-24 11:56:54.927415;[INFO];SITE| code =555555 VISITOR  
2022-10-24 11:58:15.869729;[INFO];SITE| code =555555 VISITOR  
2022-10-24 11:58:24.048949;[INFO];SITE| code =555555 VISITOR  
2022-10-24 11:58:48.361636;[INFO];SITE| code =555555 VISITOR  
2022-10-24 12:04:42.528705;[INFO];SITE| code =555555 VISITOR  
2022-10-24 12:05:33.975898;[INFO];SITE| code =555555 VISITOR  
2022-10-24 12:10:45.294755;[INFO];SITE| code =555555 VISITOR  
2022-10-24 12:11:26.271501;[INFO];SITE| code =555555 VISITOR  
2022-10-24 12:11:31.899205;[INFO];SITE| code =555555 VISITOR  
2022-10-24 12:15:25.398182;[INFO];SITE| code =555555 VISITOR  
2022-10-24 12:15:31.986164;[INFO];SITE| code =555555 VISITOR  
2022-10-24 12:16:02.491511;[INFO];SITE| code =555555 VISITOR  
2022-10-24 12:17:32.351105;[INFO];SITE| code =555555 VISITOR  
2022-10-24 12:18:08.146847;[INFO];SITE| code =555555 VISITOR  
2022-10-24 12:21:29.194769;[INFO];SITE| code =555555 VISITOR  
2022-10-24 12:27:06.713764;[INFO];SITE| code =555555 VISITOR  
2022-10-24 12:35:40.342169;[INFO];SITE| code =555555 VISITOR  
2022-10-24 12:37:31.915135;[INFO];SITE| code =555555 VISITOR  
2022-10-24 12:38:09.435133;[INFO];SITE| code =555555 VISITOR  
2022-10-24 12:43:09.850364;[INFO];SITE| code =555555 VISITOR  
2022-10-24 12:43:39.008199;[INFO];SITE| code =555555 VISITOR  
2022-10-24 12:44:36.602430;[INFO];SITE| code =555555 VISITOR  
2022-10-24 12:49:09.100833;[INFO];SITE| code =555555 VISITOR  
2022-10-24 12:51:07.424945;[INFO];SITE| code =555555 VISITOR  
2022-10-24 12:53:18.148718;[INFO];SITE| code =555555 VISITOR  
2022-10-24 12:55:23.839499;[INFO];SITE| code =555555 VISITOR  
2022-10-24 12:56:30.226120;[INFO];SITE| code =555555 VISITOR  
2022-10-24 12:58:11.844836;[INFO];SITE| code =555555 VISITOR  
2022-10-24 13:00:12.994518;[INFO];SITE| code =555555 VISITOR  
2022-10-24 13:00:54.604016;[INFO];SITE| code =555555 VISITOR  
2022-10-24 13:01:12.869933;[INFO];SITE| code =555555 VISITOR  
2022-10-24 13:02:37.022242;[INFO];SITE| code =555555 VISITOR  
2022-10-24 13:02:45.822932;[INFO];SITE| code =555555 VISITOR  
2022-10-24 13:26:25.396680;[INFO];SITE| code =555555 VISITOR  
2022-10-24 13:26:55.853884;[INFO];SITE| code =555555 VISITOR  
2022-10-24 13:27:33.296610;[ERROR];code =555556 inactive code
2022-10-24 13:27:46.913104;[ERROR];code =555556 inactive code
2022-10-24 13:27:52.437334;[INFO];visitor on main template
2022-10-24 16:16:25.665048;[INFO];visitor on main template
2022-10-24 16:17:22.633289;[INFO];SITE| code =555555 VISITOR  
2022-10-26 15:45:24.073025;[INFO];visitor on main template
2022-10-26 15:45:27.660849;[INFO];SITE| code =555555 VISITOR  
2022-10-26 18:08:41.150061;[ERROR];code =444111 inactive code
2022-10-26 18:12:49.061085;[INFO];SITE| code =568282 VISITOR  
2022-10-27 19:07:17.880298;[ERROR];code =444111 exception in getting db data
2022-10-27 19:07:24.707719;[ERROR];code =444111 exception in getting db data
2022-10-27 19:07:36.464343;[ERROR];code =555555 exception in getting db data
2022-10-27 19:07:45.331885;[ERROR];code =555555 exception in getting db data
2022-10-27 19:08:04.316727;[ERROR];code =555555 exception in getting db data
2022-10-27 19:09:20.020373;[INFO];SITE| code =555555 VISITOR  
2022-10-27 19:10:22.737642;[INFO];SITE| code =555555 VISITOR  
2022-10-27 19:11:04.685745;[ERROR];code =555555 error in server registering face, <built-in method with_traceback of ConnectTimeout object at 0x000001F1234CC160>
2022-10-28 12:49:35.371329;[INFO];visitor on main template
2022-10-28 12:49:37.914928;[ERROR];code =500000 inactive code
2022-10-28 12:49:42.530505;[ERROR];code =222222 inactive code
2022-10-28 12:49:44.933341;[ERROR];code =666666 inactive code
2022-10-28 12:49:46.804246;[INFO];SITE| code =555555 VISITOR  
2022-10-28 12:50:45.405939;[INFO];SITE| code =555555 VISITOR  
2022-10-28 12:56:32.398876;[INFO];SITE| code =555555 VISITOR  
2022-10-28 12:57:52.109534;[INFO];SITE| code =555555 VISITOR  
2022-10-28 12:58:31.386043;[INFO];SITE| code =555555 VISITOR  
2022-10-28 13:02:05.866933;[INFO];SITE| code =555555 VISITOR  
2022-10-28 13:02:13.258975;[INFO];SITE| code =555555 VISITOR  
